D:\IBRAA\SUMMER\DICTIONARY\PROJECT5\PROJECT5\DEBUG\MYFORM3.OBJ
D:\IBRAA\SUMMER\DICTIONARY\PROJECT5\PROJECT5\DEBUG\MYFORM2.OBJ
D:\IBRAA\SUMMER\DICTIONARY\PROJECT5\PROJECT5\DEBUG\MYFORM1.OBJ
D:\IBRAA\SUMMER\DICTIONARY\PROJECT5\PROJECT5\DEBUG\MYFORM.OBJ
D:\IBRAA\SUMMER\DICTIONARY\PROJECT5\PROJECT5\DEBUG\VC110.PDB
D:\IBRAA\SUMMER\DICTIONARY\PROJECT5\PROJECT5\DEBUG\.NETFRAMEWORK,VERSION=V4.5.ASSEMBLYATTRIBUTES.OBJ
D:\IBRAA\SUMMER\DICTIONARY\PROJECT5\DEBUG\PROJECT5.ILK
D:\IBRAA\SUMMER\DICTIONARY\PROJECT5\DEBUG\PROJECT5.EXE
D:\IBRAA\SUMMER\DICTIONARY\PROJECT5\DEBUG\PROJECT5.PDB
D:\Ibraa\summer\Dictionary\Project5\Project5\Debug\Project5.MyForm.resources
D:\Ibraa\summer\Dictionary\Project5\Project5\Debug\Project5.MyForm1.resources
D:\Ibraa\summer\Dictionary\Project5\Project5\Debug\Project5.MyForm2.resources
D:\Ibraa\summer\Dictionary\Project5\Project5\Debug\Project5.MyForm3.resources
D:\Ibraa\summer\Dictionary\Project5\Project5\Debug\Project5.vcxproj.GenerateResource.Cache
D:\Ibraa\summer\Dictionary\Project5\Project5\Debug\.NETFramework,Version=v4.5.AssemblyAttributes.obj
D:\Ibraa\summer\Dictionary\Project5\Project5\Debug\MyForm.obj
D:\Ibraa\summer\Dictionary\Project5\Project5\Debug\MyForm1.obj
D:\Ibraa\summer\Dictionary\Project5\Project5\Debug\MyForm2.obj
D:\Ibraa\summer\Dictionary\Project5\Project5\Debug\MyForm3.obj
D:\Ibraa\summer\Dictionary\Project5\Project5\Debug\cl.command.1.tlog
D:\Ibraa\summer\Dictionary\Project5\Project5\Debug\CL.read.1.tlog
D:\Ibraa\summer\Dictionary\Project5\Project5\Debug\CL.write.1.tlog
D:\Ibraa\summer\Dictionary\Project5\Project5\Debug\link.9416-cvtres.read.1.tlog
D:\Ibraa\summer\Dictionary\Project5\Project5\Debug\link.9416-cvtres.write.1.tlog
D:\Ibraa\summer\Dictionary\Project5\Project5\Debug\link.9416-rc.read.1.tlog
D:\Ibraa\summer\Dictionary\Project5\Project5\Debug\link.9416-rc.write.1.tlog
D:\Ibraa\summer\Dictionary\Project5\Project5\Debug\link.9416.read.1.tlog
D:\Ibraa\summer\Dictionary\Project5\Project5\Debug\link.9416.write.1.tlog
D:\Ibraa\summer\Dictionary\Project5\Project5\Debug\link.command.1.tlog
D:\Ibraa\summer\Dictionary\Project5\Project5\Debug\link.read.1.tlog
D:\Ibraa\summer\Dictionary\Project5\Project5\Debug\link.write.1.tlog
D:\Ibraa\summer\Dictionary\Project5\Project5\Debug\metagen.read.1.tlog
D:\Ibraa\summer\Dictionary\Project5\Project5\Debug\metagen.write.1.tlog
D:\Ibraa\summer\Dictionary\Project5\Project5\Debug\Project5.write.1.tlog
D:\Ibraa\summer\Dictionary\Project5\Project5\Debug\vc110.pdb
D:\Ibraa\summer\Dictionary\Project5\Project5\Debug\TZRES.DLL.bi
D:\Ibraa\summer\Dictionary\Project5\Debug\Project5.pdb
D:\Ibraa\summer\Dictionary\Project5\Debug\Project5.exe
D:\Ibraa\summer\Dictionary\Project5\Debug\Project5.ilk
